Started GET "/sign_in" for 127.0.0.1 at 2018-07-25 10:29:42 +0800
  [1m[35m (1.8ms)[0m  [1m[34mSELECT "schema_migrations"."version" FROM "schema_migrations" ORDER BY "schema_migrations"."version" ASC[0m
  ↳ /Users/Osamah/.rbenv/versions/2.5.0/lib/ruby/gems/2.5.0/gems/activerecord-5.2.0/lib/active_record/log_subscriber.rb:98
Processing by Clearance::SessionsController#new as HTML
  Rendering sessions/new.html.erb within layouts/application
  Rendered sessions/_form.html.erb (8.4ms)
  Rendered sessions/new.html.erb within layouts/application (15.7ms)
Completed 200 OK in 306ms (Views: 294.3ms | ActiveRecord: 0.0ms)


Started GET "/sign_up/student" for 127.0.0.1 at 2018-07-25 10:29:46 +0800
Processing by UsersController#new as HTML
  Rendering users/new.html.erb within layouts/application
  Rendered users/_form.html.erb (1.6ms)
  Rendered users/new.html.erb within layouts/application (6.5ms)
Completed 200 OK in 69ms (Views: 35.0ms | ActiveRecord: 10.7ms)


Started GET "/sign_in" for 127.0.0.1 at 2018-07-25 10:29:48 +0800
Processing by Clearance::SessionsController#new as HTML
  Rendering sessions/new.html.erb within layouts/application
  Rendered sessions/_form.html.erb (2.9ms)
  Rendered sessions/new.html.erb within layouts/application (6.6ms)
Completed 200 OK in 66ms (Views: 64.7ms | ActiveRecord: 0.0ms)


Started POST "/session" for 127.0.0.1 at 2018-07-25 10:29:57 +0800
Processing by SessionsController#create as HTML
  Parameters: {"utf8"=>"✓", "authenticity_token"=>"[FILTERED]", "session"=>{"email"=>"oaaos@hotmail.com", "password"=>"[FILTERED]"}, "commit"=>"Sign in"}
  [1m[36mUser Load (1.9ms)[0m  [1m[34mSELECT  "users".* FROM "users" WHERE "users"."email" = $1 LIMIT $2[0m  [["email", "oaaos@hotmail.com"], ["LIMIT", 1]]
  ↳ app/controllers/sessions_controller.rb:3
  Rendering sessions/new.html.erb within layouts/application
  Rendered sessions/_form.html.erb (1.7ms)
  Rendered sessions/new.html.erb within layouts/application (4.1ms)
Completed 401 Unauthorized in 56ms (Views: 42.6ms | ActiveRecord: 3.8ms)


Started POST "/session" for 127.0.0.1 at 2018-07-25 10:30:05 +0800
Processing by SessionsController#create as HTML
  Parameters: {"utf8"=>"✓", "authenticity_token"=>"[FILTERED]", "session"=>{"email"=>"oaaos@hotmail.com", "password"=>"[FILTERED]"}, "commit"=>"Sign in"}
  [1m[36mUser Load (0.6ms)[0m  [1m[34mSELECT  "users".* FROM "users" WHERE "users"."email" = $1 LIMIT $2[0m  [["email", "oaaos@hotmail.com"], ["LIMIT", 1]]
  ↳ app/controllers/sessions_controller.rb:3
  Rendering sessions/new.html.erb within layouts/application
  Rendered sessions/_form.html.erb (1.9ms)
  Rendered sessions/new.html.erb within layouts/application (4.0ms)
Completed 401 Unauthorized in 53ms (Views: 48.6ms | ActiveRecord: 1.1ms)


Started GET "/sign_up/student" for 127.0.0.1 at 2018-07-25 10:30:07 +0800
Processing by UsersController#new as HTML
  Rendering users/new.html.erb within layouts/application
  Rendered users/_form.html.erb (3.2ms)
  Rendered users/new.html.erb within layouts/application (9.7ms)
Completed 200 OK in 65ms (Views: 62.5ms | ActiveRecord: 0.0ms)


Started GET "/sign_in" for 127.0.0.1 at 2018-07-25 10:30:09 +0800
Processing by Clearance::SessionsController#new as HTML
  Rendering sessions/new.html.erb within layouts/application
  Rendered sessions/_form.html.erb (4.2ms)
  Rendered sessions/new.html.erb within layouts/application (9.8ms)
Completed 200 OK in 80ms (Views: 79.4ms | ActiveRecord: 0.0ms)


Started GET "/sign_up/staff" for 127.0.0.1 at 2018-07-25 10:30:14 +0800
Processing by UsersController#new as HTML
  Rendering users/new.html.erb within layouts/application
  Rendered users/_form.html.erb (5.0ms)
  Rendered users/new.html.erb within layouts/application (11.5ms)
Completed 200 OK in 70ms (Views: 65.4ms | ActiveRecord: 0.0ms)


Started GET "/sign_in" for 127.0.0.1 at 2018-07-25 10:30:19 +0800
Processing by Clearance::SessionsController#new as HTML
  Rendering sessions/new.html.erb within layouts/application
  Rendered sessions/_form.html.erb (9.8ms)
  Rendered sessions/new.html.erb within layouts/application (15.7ms)
Completed 200 OK in 84ms (Views: 83.3ms | ActiveRecord: 0.0ms)


Started POST "/session" for 127.0.0.1 at 2018-07-25 10:30:32 +0800
Processing by SessionsController#create as HTML
  Parameters: {"utf8"=>"✓", "authenticity_token"=>"[FILTERED]", "session"=>{"email"=>"oaaos2@hotmail.com", "password"=>"[FILTERED]"}, "commit"=>"Sign in"}
  [1m[36mUser Load (0.5ms)[0m  [1m[34mSELECT  "users".* FROM "users" WHERE "users"."email" = $1 LIMIT $2[0m  [["email", "oaaos2@hotmail.com"], ["LIMIT", 1]]
  ↳ app/controllers/sessions_controller.rb:3
  Rendering sessions/new.html.erb within layouts/application
  Rendered sessions/_form.html.erb (3.6ms)
  Rendered sessions/new.html.erb within layouts/application (8.1ms)
Completed 401 Unauthorized in 66ms (Views: 62.9ms | ActiveRecord: 0.5ms)


  [1m[35m (0.8ms)[0m  [1m[34mSELECT "schema_migrations"."version" FROM "schema_migrations" ORDER BY "schema_migrations"."version" ASC[0m
  ↳ bin/rails:9
  [1m[35m (1.6ms)[0m  [1m[34mSELECT "ar_internal_metadata"."value" FROM "ar_internal_metadata" WHERE "ar_internal_metadata"."key" = $1[0m  [["key", "environment"]]
  ↳ bin/rails:9
  [1m[35m (0.3ms)[0m  [1m[34mSELECT "schema_migrations"."version" FROM "schema_migrations" ORDER BY "schema_migrations"."version" ASC[0m
  ↳ bin/rails:9
  [1m[35m (0.2ms)[0m  [1m[34mSELECT "ar_internal_metadata"."value" FROM "ar_internal_metadata" WHERE "ar_internal_metadata"."key" = $1[0m  [["key", "environment"]]
  ↳ bin/rails:9
  [1m[35m (0.3ms)[0m  [1m[34mSELECT "schema_migrations"."version" FROM "schema_migrations" ORDER BY "schema_migrations"."version" ASC[0m
  ↳ bin/rails:9
  [1m[35m (0.2ms)[0m  [1m[34mSELECT "ar_internal_metadata"."value" FROM "ar_internal_metadata" WHERE "ar_internal_metadata"."key" = $1[0m  [["key", "environment"]]
  ↳ bin/rails:9
  [1m[35m (220.0ms)[0m  [1m[35mDROP DATABASE IF EXISTS "educando_development"[0m
  ↳ bin/rails:9
  [1m[35m (145.5ms)[0m  [1m[35mDROP DATABASE IF EXISTS "educando_test"[0m
  ↳ bin/rails:9
  [1m[35m (560.9ms)[0m  [1m[35mCREATE DATABASE "educando_development" ENCODING = 'unicode'[0m
  ↳ bin/rails:9
  [1m[35m (355.7ms)[0m  [1m[35mCREATE DATABASE "educando_test" ENCODING = 'unicode'[0m
  ↳ bin/rails:9
  [1m[35m (12.4ms)[0m  [1m[35mCREATE TABLE "schema_migrations" ("version" character varying NOT NULL PRIMARY KEY)[0m
  ↳ bin/rails:9
  [1m[35m (5.7ms)[0m  [1m[35mCREATE TABLE "ar_internal_metadata" ("key" character varying NOT NULL PRIMARY KEY, "value" character varying, "created_at" timestamp NOT NULL, "updated_at" timestamp NOT NULL)[0m
  ↳ bin/rails:9
  [1m[35m (0.3ms)[0m  [1m[34mSELECT pg_try_advisory_lock(7905894817961536830)[0m
  ↳ bin/rails:9
  [1m[35m (0.6ms)[0m  [1m[34mSELECT "schema_migrations"."version" FROM "schema_migrations" ORDER BY "schema_migrations"."version" ASC[0m
  ↳ bin/rails:9
Migrating to CreateUsers (20180724030000)
  [1m[35m (0.2ms)[0m  [1m[35mBEGIN[0m
  ↳ bin/rails:9
  [1m[35m (5.0ms)[0m  [1m[35mCREATE TABLE "users" ("id" bigserial primary key, "first_name" character varying, "last_name" character varying, "email" character varying NOT NULL, "encrypted_password" character varying(128) NOT NULL, "confirmation_token" character varying(128), "remember_token" character varying(128) NOT NULL, "role" character varying, "created_at" timestamp NOT NULL, "updated_at" timestamp NOT NULL)[0m
  ↳ db/migrate/20180724030000_create_users.rb:3
  [1m[35m (1.1ms)[0m  [1m[35mCREATE  INDEX  "index_users_on_email" ON "users"  ("email")[0m
  ↳ db/migrate/20180724030000_create_users.rb:15
  [1m[35m (1.1ms)[0m  [1m[35mCREATE  INDEX  "index_users_on_remember_token" ON "users"  ("remember_token")[0m
  ↳ db/migrate/20180724030000_create_users.rb:16
  [1m[36mActiveRecord::SchemaMigration Create (0.6ms)[0m  [1m[32mINSERT INTO "schema_migrations" ("version") VALUES ($1) RETURNING "version"[0m  [["version", "20180724030000"]]
  ↳ bin/rails:9
  [1m[35m (0.7ms)[0m  [1m[35mCOMMIT[0m
  ↳ bin/rails:9
  [1m[36mActiveRecord::InternalMetadata Load (0.4ms)[0m  [1m[34mSELECT  "ar_internal_metadata".* FROM "ar_internal_metadata" WHERE "ar_internal_metadata"."key" = $1 LIMIT $2[0m  [["key", "environment"], ["LIMIT", 1]]
  ↳ bin/rails:9
  [1m[35m (0.2ms)[0m  [1m[35mBEGIN[0m
  ↳ bin/rails:9
  [1m[36mActiveRecord::InternalMetadata Create (1.1ms)[0m  [1m[32mINSERT INTO "ar_internal_metadata" ("key", "value", "created_at", "updated_at") VALUES ($1, $2, $3, $4) RETURNING "key"[0m  [["key", "environment"], ["value", "development"], ["created_at", "2018-07-25 02:32:45.466894"], ["updated_at", "2018-07-25 02:32:45.466894"]]
  ↳ bin/rails:9
  [1m[35m (1.0ms)[0m  [1m[35mCOMMIT[0m
  ↳ bin/rails:9
  [1m[35m (0.3ms)[0m  [1m[34mSELECT pg_advisory_unlock(7905894817961536830)[0m
  ↳ bin/rails:9
  [1m[35m (0.5ms)[0m  [1m[34mSELECT "schema_migrations"."version" FROM "schema_migrations" ORDER BY "schema_migrations"."version" ASC[0m
  ↳ bin/rails:9
Started GET "/session" for 127.0.0.1 at 2018-07-25 10:33:04 +0800
  [1m[35m (0.9ms)[0m  [1m[34mSELECT "schema_migrations"."version" FROM "schema_migrations" ORDER BY "schema_migrations"."version" ASC[0m
  ↳ /Users/Osamah/.rbenv/versions/2.5.0/lib/ruby/gems/2.5.0/gems/activerecord-5.2.0/lib/active_record/log_subscriber.rb:98
  
ActionController::RoutingError (No route matches [GET] "/session"):
  
actionpack (5.2.0) lib/action_dispatch/middleware/debug_exceptions.rb:65:in `call'
web-console (3.6.2) lib/web_console/middleware.rb:135:in `call_app'
web-console (3.6.2) lib/web_console/middleware.rb:30:in `block in call'
web-console (3.6.2) lib/web_console/middleware.rb:20:in `catch'
web-console (3.6.2) lib/web_console/middleware.rb:20:in `call'
actionpack (5.2.0) lib/action_dispatch/middleware/show_exceptions.rb:33:in `call'
railties (5.2.0) lib/rails/rack/logger.rb:38:in `call_app'
railties (5.2.0) lib/rails/rack/logger.rb:26:in `block in call'
activesupport (5.2.0) lib/active_support/tagged_logging.rb:71:in `block in tagged'
activesupport (5.2.0) lib/active_support/tagged_logging.rb:28:in `tagged'
activesupport (5.2.0) lib/active_support/tagged_logging.rb:71:in `tagged'
railties (5.2.0) lib/rails/rack/logger.rb:26:in `call'
sprockets-rails (3.2.1) lib/sprockets/rails/quiet_assets.rb:13:in `call'
actionpack (5.2.0) lib/action_dispatch/middleware/remote_ip.rb:81:in `call'
actionpack (5.2.0) lib/action_dispatch/middleware/request_id.rb:27:in `call'
rack (2.0.5) lib/rack/method_override.rb:22:in `call'
rack (2.0.5) lib/rack/runtime.rb:22:in `call'
activesupport (5.2.0) lib/active_support/cache/strategy/local_cache_middleware.rb:29:in `call'
actionpack (5.2.0) lib/action_dispatch/middleware/executor.rb:14:in `call'
actionpack (5.2.0) lib/action_dispatch/middleware/static.rb:127:in `call'
rack (2.0.5) lib/rack/sendfile.rb:111:in `call'
railties (5.2.0) lib/rails/engine.rb:524:in `call'
puma (3.12.0) lib/puma/configuration.rb:225:in `call'
puma (3.12.0) lib/puma/server.rb:658:in `handle_request'
puma (3.12.0) lib/puma/server.rb:472:in `process_client'
puma (3.12.0) lib/puma/server.rb:332:in `block in run'
puma (3.12.0) lib/puma/thread_pool.rb:133:in `block in spawn_thread'
Started GET "/session" for 127.0.0.1 at 2018-07-25 10:33:10 +0800
  
ActionController::RoutingError (No route matches [GET] "/session"):
  
actionpack (5.2.0) lib/action_dispatch/middleware/debug_exceptions.rb:65:in `call'
web-console (3.6.2) lib/web_console/middleware.rb:135:in `call_app'
web-console (3.6.2) lib/web_console/middleware.rb:30:in `block in call'
web-console (3.6.2) lib/web_console/middleware.rb:20:in `catch'
web-console (3.6.2) lib/web_console/middleware.rb:20:in `call'
actionpack (5.2.0) lib/action_dispatch/middleware/show_exceptions.rb:33:in `call'
railties (5.2.0) lib/rails/rack/logger.rb:38:in `call_app'
railties (5.2.0) lib/rails/rack/logger.rb:26:in `block in call'
activesupport (5.2.0) lib/active_support/tagged_logging.rb:71:in `block in tagged'
activesupport (5.2.0) lib/active_support/tagged_logging.rb:28:in `tagged'
activesupport (5.2.0) lib/active_support/tagged_logging.rb:71:in `tagged'
railties (5.2.0) lib/rails/rack/logger.rb:26:in `call'
sprockets-rails (3.2.1) lib/sprockets/rails/quiet_assets.rb:13:in `call'
actionpack (5.2.0) lib/action_dispatch/middleware/remote_ip.rb:81:in `call'
actionpack (5.2.0) lib/action_dispatch/middleware/request_id.rb:27:in `call'
rack (2.0.5) lib/rack/method_override.rb:22:in `call'
rack (2.0.5) lib/rack/runtime.rb:22:in `call'
activesupport (5.2.0) lib/active_support/cache/strategy/local_cache_middleware.rb:29:in `call'
actionpack (5.2.0) lib/action_dispatch/middleware/executor.rb:14:in `call'
actionpack (5.2.0) lib/action_dispatch/middleware/static.rb:127:in `call'
rack (2.0.5) lib/rack/sendfile.rb:111:in `call'
railties (5.2.0) lib/rails/engine.rb:524:in `call'
puma (3.12.0) lib/puma/configuration.rb:225:in `call'
puma (3.12.0) lib/puma/server.rb:658:in `handle_request'
puma (3.12.0) lib/puma/server.rb:472:in `process_client'
puma (3.12.0) lib/puma/server.rb:332:in `block in run'
puma (3.12.0) lib/puma/thread_pool.rb:133:in `block in spawn_thread'
Started GET "/" for 127.0.0.1 at 2018-07-25 10:33:12 +0800
Processing by WelcomeController#index as HTML
  Rendering welcome/index.html.erb within layouts/application
  Rendered welcome/index.html.erb within layouts/application (0.4ms)
Completed 200 OK in 261ms (Views: 257.1ms | ActiveRecord: 0.0ms)


Started GET "/sign_up/student" for 127.0.0.1 at 2018-07-25 10:33:16 +0800
Processing by UsersController#new as HTML
  Rendering users/new.html.erb within layouts/application
  Rendered users/_form.html.erb (3.3ms)
  Rendered users/new.html.erb within layouts/application (7.5ms)
Completed 200 OK in 89ms (Views: 39.2ms | ActiveRecord: 24.7ms)


Started GET "/sign_in" for 127.0.0.1 at 2018-07-25 10:33:20 +0800
Processing by Clearance::SessionsController#new as HTML
  Rendering sessions/new.html.erb within layouts/application
  Rendered sessions/_form.html.erb (4.0ms)
  Rendered sessions/new.html.erb within layouts/application (8.3ms)
Completed 200 OK in 59ms (Views: 57.4ms | ActiveRecord: 0.0ms)


Started GET "/sign_up/staff" for 127.0.0.1 at 2018-07-25 10:33:21 +0800
Processing by UsersController#new as HTML
  Rendering users/new.html.erb within layouts/application
  Rendered users/_form.html.erb (5.7ms)
  Rendered users/new.html.erb within layouts/application (13.5ms)
Completed 200 OK in 68ms (Views: 64.3ms | ActiveRecord: 0.0ms)


Started GET "/sign_in" for 127.0.0.1 at 2018-07-25 10:33:22 +0800
Processing by Clearance::SessionsController#new as HTML
  Rendering sessions/new.html.erb within layouts/application
  Rendered sessions/_form.html.erb (3.9ms)
  Rendered sessions/new.html.erb within layouts/application (17.4ms)
Completed 200 OK in 109ms (Views: 108.0ms | ActiveRecord: 0.0ms)


Started GET "/sign_up/student" for 127.0.0.1 at 2018-07-25 10:33:24 +0800
Processing by UsersController#new as HTML
  Rendering users/new.html.erb within layouts/application
  Rendered users/_form.html.erb (3.1ms)
  Rendered users/new.html.erb within layouts/application (8.8ms)
Completed 200 OK in 94ms (Views: 88.9ms | ActiveRecord: 0.0ms)


Started GET "/sign_in" for 127.0.0.1 at 2018-07-25 10:33:25 +0800
Processing by Clearance::SessionsController#new as HTML
  Rendering sessions/new.html.erb within layouts/application
  Rendered sessions/_form.html.erb (3.2ms)
  Rendered sessions/new.html.erb within layouts/application (13.8ms)
Completed 200 OK in 74ms (Views: 73.0ms | ActiveRecord: 0.0ms)


Started GET "/passwords/new" for 127.0.0.1 at 2018-07-25 10:33:26 +0800
Processing by Clearance::PasswordsController#new as HTML
  Rendering passwords/new.html.erb within layouts/application
  Rendered passwords/new.html.erb within layouts/application (2.5ms)
Completed 200 OK in 58ms (Views: 57.2ms | ActiveRecord: 0.0ms)


Started GET "/sign_up/student" for 127.0.0.1 at 2018-07-25 10:33:27 +0800
Processing by UsersController#new as HTML
  Rendering users/new.html.erb within layouts/application
  Rendered users/_form.html.erb (11.5ms)
  Rendered users/new.html.erb within layouts/application (17.4ms)
Completed 200 OK in 74ms (Views: 69.1ms | ActiveRecord: 0.0ms)


Started POST "/users" for 127.0.0.1 at 2018-07-25 10:34:34 +0800
Processing by UsersController#create as HTML
  Parameters: {"utf8"=>"✓", "authenticity_token"=>"[FILTERED]", "user"=>{"first_name"=>"oaaos", "last_name"=>"alsu", "email"=>"oaaos@hotmail.com", "password"=>"[FILTERED]", "role"=>"student"}, "commit"=>"Sign up"}
  [1m[35m (0.2ms)[0m  [1m[35mBEGIN[0m
  ↳ app/controllers/users_controller.rb:9
  [1m[36mUser Exists (1.3ms)[0m  [1m[34mSELECT  1 AS one FROM "users" WHERE "users"."email" = $1 LIMIT $2[0m  [["email", "oaaos@hotmail.com"], ["LIMIT", 1]]
  ↳ app/controllers/users_controller.rb:9
  [1m[36mUser Create (1.0ms)[0m  [1m[32mINSERT INTO "users" ("first_name", "last_name", "email", "encrypted_password", "remember_token", "role", "created_at", "updated_at") VALUES ($1, $2, $3, $4, $5, $6, $7, $8) RETURNING "id"[0m  [["first_name", "oaaos"], ["last_name", "alsu"], ["email", "oaaos@hotmail.com"], ["encrypted_password", "$2a$10$0l9UeAeU2NJLHomgiF8/o.FwGHdSXZxsjp7kAdHVOtmrtw/UR7At."], ["remember_token", "9e958f643fb94dbb9c906b79a9703418a7c17f58"], ["role", "student"], ["created_at", "2018-07-25 02:34:34.661594"], ["updated_at", "2018-07-25 02:34:34.661594"]]
  ↳ app/controllers/users_controller.rb:9
  [1m[35m (0.7ms)[0m  [1m[35mCOMMIT[0m
  ↳ app/controllers/users_controller.rb:9
Redirected to http://localhost:3000/sign_in
Completed 302 Found in 97ms (ActiveRecord: 3.2ms)


Started GET "/sign_in" for 127.0.0.1 at 2018-07-25 10:34:34 +0800
Processing by Clearance::SessionsController#new as HTML
  Rendering sessions/new.html.erb within layouts/application
  Rendered sessions/_form.html.erb (1.3ms)
  Rendered sessions/new.html.erb within layouts/application (3.4ms)
Completed 200 OK in 31ms (Views: 30.3ms | ActiveRecord: 0.0ms)


Started POST "/session" for 127.0.0.1 at 2018-07-25 10:34:40 +0800
Processing by SessionsController#create as HTML
  Parameters: {"utf8"=>"✓", "authenticity_token"=>"[FILTERED]", "session"=>{"email"=>"oaaos@hotmail.com", "password"=>"[FILTERED]"}, "commit"=>"Sign in"}
  [1m[36mUser Load (0.7ms)[0m  [1m[34mSELECT  "users".* FROM "users" WHERE "users"."email" = $1 LIMIT $2[0m  [["email", "oaaos@hotmail.com"], ["LIMIT", 1]]
  ↳ app/controllers/sessions_controller.rb:3
Redirected to http://localhost:3000/dashboard
Completed 302 Found in 89ms (ActiveRecord: 1.0ms)


Started GET "/dashboard" for 127.0.0.1 at 2018-07-25 10:34:40 +0800
Processing by DashboardController#index as HTML
  Rendering dashboard/index.erb within layouts/application
  Rendered dashboard/index.erb within layouts/application (0.4ms)
  [1m[36mUser Load (0.8ms)[0m  [1m[34mSELECT  "users".* FROM "users" WHERE "users"."remember_token" = $1 ORDER BY "users"."id" ASC LIMIT $2[0m  [["remember_token", "9e958f643fb94dbb9c906b79a9703418a7c17f58"], ["LIMIT", 1]]
  ↳ app/views/layouts/application.html.erb:25
Completed 200 OK in 57ms (Views: 53.4ms | ActiveRecord: 0.8ms)


Started GET "/dashboard" for 127.0.0.1 at 2018-07-25 10:34:44 +0800
Processing by DashboardController#index as HTML
  Rendering dashboard/index.erb within layouts/application
  Rendered dashboard/index.erb within layouts/application (1.6ms)
  [1m[36mUser Load (0.6ms)[0m  [1m[34mSELECT  "users".* FROM "users" WHERE "users"."remember_token" = $1 ORDER BY "users"."id" ASC LIMIT $2[0m  [["remember_token", "9e958f643fb94dbb9c906b79a9703418a7c17f58"], ["LIMIT", 1]]
  ↳ app/views/layouts/application.html.erb:25
Completed 200 OK in 39ms (Views: 35.3ms | ActiveRecord: 0.6ms)


Started DELETE "/sign_out" for 127.0.0.1 at 2018-07-25 10:34:46 +0800
Processing by Clearance::SessionsController#destroy as HTML
  Parameters: {"authenticity_token"=>"[FILTERED]"}
  [1m[36mUser Load (0.7ms)[0m  [1m[34mSELECT  "users".* FROM "users" WHERE "users"."remember_token" = $1 ORDER BY "users"."id" ASC LIMIT $2[0m  [["remember_token", "9e958f643fb94dbb9c906b79a9703418a7c17f58"], ["LIMIT", 1]]
  ↳ /Users/Osamah/.rbenv/versions/2.5.0/lib/ruby/gems/2.5.0/gems/activerecord-5.2.0/lib/active_record/log_subscriber.rb:98
  [1m[35m (0.2ms)[0m  [1m[35mBEGIN[0m
  ↳ /Users/Osamah/.rbenv/versions/2.5.0/lib/ruby/gems/2.5.0/gems/activerecord-5.2.0/lib/active_record/log_subscriber.rb:98
  [1m[36mUser Update (0.9ms)[0m  [1m[33mUPDATE "users" SET "remember_token" = $1, "updated_at" = $2 WHERE "users"."id" = $3[0m  [["remember_token", "2b63cf212babd407ef73ff92b918243097de1ac1"], ["updated_at", "2018-07-25 02:34:46.760291"], ["id", 1]]
  ↳ /Users/Osamah/.rbenv/versions/2.5.0/lib/ruby/gems/2.5.0/gems/activerecord-5.2.0/lib/active_record/log_subscriber.rb:98
  [1m[35m (0.6ms)[0m  [1m[35mCOMMIT[0m
  ↳ /Users/Osamah/.rbenv/versions/2.5.0/lib/ruby/gems/2.5.0/gems/activerecord-5.2.0/lib/active_record/log_subscriber.rb:98
Redirected to http://localhost:3000/sign_in
Completed 302 Found in 8ms (ActiveRecord: 2.4ms)


Started GET "/sign_in" for 127.0.0.1 at 2018-07-25 10:34:46 +0800
Processing by Clearance::SessionsController#new as HTML
  Rendering sessions/new.html.erb within layouts/application
  Rendered sessions/_form.html.erb (1.6ms)
  Rendered sessions/new.html.erb within layouts/application (3.9ms)
Completed 200 OK in 37ms (Views: 36.5ms | ActiveRecord: 0.0ms)


Started GET "/sign_up/staff" for 127.0.0.1 at 2018-07-25 10:34:48 +0800
Processing by UsersController#new as HTML
  Rendering users/new.html.erb within layouts/application
  Rendered users/_form.html.erb (3.6ms)
  Rendered users/new.html.erb within layouts/application (9.1ms)
Completed 200 OK in 70ms (Views: 67.4ms | ActiveRecord: 0.0ms)


Started POST "/users" for 127.0.0.1 at 2018-07-25 10:35:00 +0800
Processing by UsersController#create as HTML
  Parameters: {"utf8"=>"✓", "authenticity_token"=>"[FILTERED]", "user"=>{"first_name"=>"osamah", "last_name"=>"alsu", "email"=>"oaaos2@hotmail.com", "password"=>"[FILTERED]", "role"=>"staff"}, "commit"=>"Sign up"}
  [1m[35m (0.3ms)[0m  [1m[35mBEGIN[0m
  ↳ app/controllers/users_controller.rb:9
  [1m[36mUser Exists (0.4ms)[0m  [1m[34mSELECT  1 AS one FROM "users" WHERE "users"."email" = $1 LIMIT $2[0m  [["email", "oaaos2@hotmail.com"], ["LIMIT", 1]]
  ↳ app/controllers/users_controller.rb:9
  [1m[36mUser Create (0.5ms)[0m  [1m[32mINSERT INTO "users" ("first_name", "last_name", "email", "encrypted_password", "remember_token", "role", "created_at", "updated_at") VALUES ($1, $2, $3, $4, $5, $6, $7, $8) RETURNING "id"[0m  [["first_name", "osamah"], ["last_name", "alsu"], ["email", "oaaos2@hotmail.com"], ["encrypted_password", "$2a$10$bopkUsHVIrtNzDcsQ2CoX.LIlJ5rHXX22iAZsMw/Rpwz.7Ka89vOq"], ["remember_token", "37d8f13a38e888c633b2b76bfc347ee1dbbc020d"], ["role", "staff"], ["created_at", "2018-07-25 02:35:00.301641"], ["updated_at", "2018-07-25 02:35:00.301641"]]
  ↳ app/controllers/users_controller.rb:9
  [1m[35m (0.6ms)[0m  [1m[35mCOMMIT[0m
  ↳ app/controllers/users_controller.rb:9
Redirected to http://localhost:3000/sign_in
Completed 302 Found in 92ms (ActiveRecord: 1.7ms)


Started GET "/sign_in" for 127.0.0.1 at 2018-07-25 10:35:00 +0800
Processing by Clearance::SessionsController#new as HTML
  Rendering sessions/new.html.erb within layouts/application
  Rendered sessions/_form.html.erb (1.4ms)
  Rendered sessions/new.html.erb within layouts/application (3.8ms)
Completed 200 OK in 34ms (Views: 33.6ms | ActiveRecord: 0.0ms)


Started GET "/sign_up/staff" for 127.0.0.1 at 2018-07-25 10:35:05 +0800
Processing by UsersController#new as HTML
  Rendering users/new.html.erb within layouts/application
  Rendered users/_form.html.erb (5.4ms)
  Rendered users/new.html.erb within layouts/application (12.5ms)
Completed 200 OK in 61ms (Views: 58.1ms | ActiveRecord: 0.0ms)


Started GET "/sign_in" for 127.0.0.1 at 2018-07-25 10:35:07 +0800
Processing by Clearance::SessionsController#new as HTML
  Rendering sessions/new.html.erb within layouts/application
  Rendered sessions/_form.html.erb (3.9ms)
  Rendered sessions/new.html.erb within layouts/application (9.4ms)
Completed 200 OK in 75ms (Views: 73.5ms | ActiveRecord: 0.0ms)


Started POST "/session" for 127.0.0.1 at 2018-07-25 10:35:15 +0800
Processing by SessionsController#create as HTML
  Parameters: {"utf8"=>"✓", "authenticity_token"=>"[FILTERED]", "session"=>{"email"=>"oaaos2@hotmail.com", "password"=>"[FILTERED]"}, "commit"=>"Sign in"}
  [1m[36mUser Load (0.7ms)[0m  [1m[34mSELECT  "users".* FROM "users" WHERE "users"."email" = $1 LIMIT $2[0m  [["email", "oaaos2@hotmail.com"], ["LIMIT", 1]]
  ↳ app/controllers/sessions_controller.rb:3
Redirected to http://localhost:3000/dashboard
Completed 302 Found in 89ms (ActiveRecord: 0.7ms)


Started GET "/dashboard" for 127.0.0.1 at 2018-07-25 10:35:15 +0800
Processing by DashboardController#index as HTML
  Rendering dashboard/index.erb within layouts/application
  Rendered dashboard/index.erb within layouts/application (0.4ms)
  [1m[36mUser Load (0.8ms)[0m  [1m[34mSELECT  "users".* FROM "users" WHERE "users"."remember_token" = $1 ORDER BY "users"."id" ASC LIMIT $2[0m  [["remember_token", "37d8f13a38e888c633b2b76bfc347ee1dbbc020d"], ["LIMIT", 1]]
  ↳ app/views/layouts/application.html.erb:25
Completed 200 OK in 36ms (Views: 32.8ms | ActiveRecord: 0.8ms)


Started DELETE "/sign_out" for 127.0.0.1 at 2018-07-25 10:35:20 +0800
Processing by Clearance::SessionsController#destroy as HTML
  Parameters: {"authenticity_token"=>"[FILTERED]"}
  [1m[36mUser Load (0.8ms)[0m  [1m[34mSELECT  "users".* FROM "users" WHERE "users"."remember_token" = $1 ORDER BY "users"."id" ASC LIMIT $2[0m  [["remember_token", "37d8f13a38e888c633b2b76bfc347ee1dbbc020d"], ["LIMIT", 1]]
  ↳ /Users/Osamah/.rbenv/versions/2.5.0/lib/ruby/gems/2.5.0/gems/activerecord-5.2.0/lib/active_record/log_subscriber.rb:98
  [1m[35m (0.2ms)[0m  [1m[35mBEGIN[0m
  ↳ /Users/Osamah/.rbenv/versions/2.5.0/lib/ruby/gems/2.5.0/gems/activerecord-5.2.0/lib/active_record/log_subscriber.rb:98
  [1m[36mUser Update (0.5ms)[0m  [1m[33mUPDATE "users" SET "remember_token" = $1, "updated_at" = $2 WHERE "users"."id" = $3[0m  [["remember_token", "8c8ae9bfcd0873dbb08616e321bd29759267e00b"], ["updated_at", "2018-07-25 02:35:20.153510"], ["id", 2]]
  ↳ /Users/Osamah/.rbenv/versions/2.5.0/lib/ruby/gems/2.5.0/gems/activerecord-5.2.0/lib/active_record/log_subscriber.rb:98
  [1m[35m (0.5ms)[0m  [1m[35mCOMMIT[0m
  ↳ /Users/Osamah/.rbenv/versions/2.5.0/lib/ruby/gems/2.5.0/gems/activerecord-5.2.0/lib/active_record/log_subscriber.rb:98
Redirected to http://localhost:3000/sign_in
Completed 302 Found in 8ms (ActiveRecord: 2.1ms)


Started GET "/sign_in" for 127.0.0.1 at 2018-07-25 10:35:20 +0800
Processing by Clearance::SessionsController#new as HTML
  Rendering sessions/new.html.erb within layouts/application
  Rendered sessions/_form.html.erb (2.6ms)
  Rendered sessions/new.html.erb within layouts/application (5.6ms)
Completed 200 OK in 41ms (Views: 40.5ms | ActiveRecord: 0.0ms)


Started GET "/sign_in" for 127.0.0.1 at 2018-07-25 11:01:54 +0800
  [1m[35m (1.3ms)[0m  [1m[34mSELECT "schema_migrations"."version" FROM "schema_migrations" ORDER BY "schema_migrations"."version" ASC[0m
  ↳ /Users/Osamah/.rbenv/versions/2.5.0/lib/ruby/gems/2.5.0/gems/activerecord-5.2.0/lib/active_record/log_subscriber.rb:98
Processing by Clearance::SessionsController#new as HTML
  Rendering sessions/new.html.erb within layouts/application
  Rendered sessions/_form.html.erb (18.4ms)
  Rendered sessions/new.html.erb within layouts/application (42.4ms)
Completed 200 OK in 1080ms (Views: 1063.3ms | ActiveRecord: 0.0ms)


Started POST "/session" for 127.0.0.1 at 2018-07-25 11:02:30 +0800
Processing by SessionsController#create as HTML
  Parameters: {"utf8"=>"✓", "authenticity_token"=>"[FILTERED]", "session"=>{"email"=>"oaaos@hotmail.com", "password"=>"[FILTERED]"}, "commit"=>"Sign in"}
  [1m[36mUser Load (1.1ms)[0m  [1m[34mSELECT  "users".* FROM "users" WHERE "users"."email" = $1 LIMIT $2[0m  [["email", "oaaos@hotmail.com"], ["LIMIT", 1]]
  ↳ app/controllers/sessions_controller.rb:3
Redirected to http://localhost:3000/dashboard
Completed 302 Found in 175ms (ActiveRecord: 17.0ms)


Started GET "/dashboard" for 127.0.0.1 at 2018-07-25 11:02:31 +0800
Processing by DashboardController#index as HTML
  Rendering dashboard/index.erb within layouts/application
  Rendered dashboard/index.erb within layouts/application (0.4ms)
  [1m[36mUser Load (4.2ms)[0m  [1m[34mSELECT  "users".* FROM "users" WHERE "users"."remember_token" = $1 ORDER BY "users"."id" ASC LIMIT $2[0m  [["remember_token", "2b63cf212babd407ef73ff92b918243097de1ac1"], ["LIMIT", 1]]
  ↳ app/views/layouts/application.html.erb:25
Completed 200 OK in 49ms (Views: 41.8ms | ActiveRecord: 4.2ms)


Started GET "/users/1" for 127.0.0.1 at 2018-07-25 11:02:40 +0800
Processing by UsersController#show as HTML
  Parameters: {"id"=>"1"}
  [1m[36mUser Load (0.4ms)[0m  [1m[34mSELECT  "users".* FROM "users" WHERE "users"."id" = $1 LIMIT $2[0m  [["id", 1], ["LIMIT", 1]]
  ↳ app/controllers/users_controller.rb:17
  Rendering users/show.erb within layouts/application
  Rendered users/show.erb within layouts/application (0.5ms)
  [1m[36mUser Load (0.5ms)[0m  [1m[34mSELECT  "users".* FROM "users" WHERE "users"."remember_token" = $1 ORDER BY "users"."id" ASC LIMIT $2[0m  [["remember_token", "2b63cf212babd407ef73ff92b918243097de1ac1"], ["LIMIT", 1]]
  ↳ app/views/layouts/application.html.erb:25
Completed 200 OK in 106ms (Views: 97.1ms | ActiveRecord: 0.9ms)


Started GET "/dashboard" for 127.0.0.1 at 2018-07-25 11:03:51 +0800
Processing by DashboardController#index as HTML
  Rendering dashboard/index.erb within layouts/application
  Rendered dashboard/index.erb within layouts/application (0.6ms)
  [1m[36mUser Load (1.3ms)[0m  [1m[34mSELECT  "users".* FROM "users" WHERE "users"."remember_token" = $1 ORDER BY "users"."id" ASC LIMIT $2[0m  [["remember_token", "2b63cf212babd407ef73ff92b918243097de1ac1"], ["LIMIT", 1]]
  ↳ app/views/layouts/application.html.erb:25
Completed 200 OK in 70ms (Views: 66.1ms | ActiveRecord: 1.3ms)


Started GET "/users/1" for 127.0.0.1 at 2018-07-25 11:03:53 +0800
Processing by UsersController#show as HTML
  Parameters: {"id"=>"1"}
  [1m[36mUser Load (0.6ms)[0m  [1m[34mSELECT  "users".* FROM "users" WHERE "users"."id" = $1 LIMIT $2[0m  [["id", 1], ["LIMIT", 1]]
  ↳ app/controllers/users_controller.rb:17
  Rendering users/show.erb within layouts/application
  Rendered users/show.erb within layouts/application (0.6ms)
  [1m[36mUser Load (1.4ms)[0m  [1m[34mSELECT  "users".* FROM "users" WHERE "users"."remember_token" = $1 ORDER BY "users"."id" ASC LIMIT $2[0m  [["remember_token", "2b63cf212babd407ef73ff92b918243097de1ac1"], ["LIMIT", 1]]
  ↳ app/views/layouts/application.html.erb:25
Completed 200 OK in 98ms (Views: 87.7ms | ActiveRecord: 4.2ms)


Started GET "/users/1" for 127.0.0.1 at 2018-07-25 11:03:53 +0800
Processing by UsersController#show as HTML
  Parameters: {"id"=>"1"}
  [1m[36mUser Load (0.7ms)[0m  [1m[34mSELECT  "users".* FROM "users" WHERE "users"."id" = $1 LIMIT $2[0m  [["id", 1], ["LIMIT", 1]]
  ↳ app/controllers/users_controller.rb:17
  Rendering users/show.erb within layouts/application
  Rendered users/show.erb within layouts/application (0.7ms)
  [1m[36mUser Load (0.8ms)[0m  [1m[34mSELECT  "users".* FROM "users" WHERE "users"."remember_token" = $1 ORDER BY "users"."id" ASC LIMIT $2[0m  [["remember_token", "2b63cf212babd407ef73ff92b918243097de1ac1"], ["LIMIT", 1]]
  ↳ app/views/layouts/application.html.erb:25
Completed 200 OK in 74ms (Views: 65.2ms | ActiveRecord: 1.5ms)


Started GET "/users/1" for 127.0.0.1 at 2018-07-25 11:03:54 +0800
Processing by UsersController#show as HTML
  Parameters: {"id"=>"1"}
  [1m[36mUser Load (0.8ms)[0m  [1m[34mSELECT  "users".* FROM "users" WHERE "users"."id" = $1 LIMIT $2[0m  [["id", 1], ["LIMIT", 1]]
  ↳ app/controllers/users_controller.rb:17
  Rendering users/show.erb within layouts/application
  Rendered users/show.erb within layouts/application (0.5ms)
  [1m[36mUser Load (0.9ms)[0m  [1m[34mSELECT  "users".* FROM "users" WHERE "users"."remember_token" = $1 ORDER BY "users"."id" ASC LIMIT $2[0m  [["remember_token", "2b63cf212babd407ef73ff92b918243097de1ac1"], ["LIMIT", 1]]
  ↳ app/views/layouts/application.html.erb:25
Completed 200 OK in 82ms (Views: 75.9ms | ActiveRecord: 1.7ms)


Started GET "/users/1" for 127.0.0.1 at 2018-07-25 11:04:14 +0800
Processing by UsersController#show as HTML
  Parameters: {"id"=>"1"}
  [1m[36mUser Load (0.8ms)[0m  [1m[34mSELECT  "users".* FROM "users" WHERE "users"."id" = $1 LIMIT $2[0m  [["id", 1], ["LIMIT", 1]]
  ↳ app/controllers/users_controller.rb:17
  Rendering users/show.erb within layouts/application
  Rendered users/show.erb within layouts/application (0.3ms)
  [1m[36mUser Load (0.7ms)[0m  [1m[34mSELECT  "users".* FROM "users" WHERE "users"."remember_token" = $1 ORDER BY "users"."id" ASC LIMIT $2[0m  [["remember_token", "2b63cf212babd407ef73ff92b918243097de1ac1"], ["LIMIT", 1]]
  ↳ app/views/layouts/application.html.erb:25
Completed 200 OK in 66ms (Views: 57.1ms | ActiveRecord: 1.5ms)


Started DELETE "/sign_out" for 127.0.0.1 at 2018-07-25 11:04:16 +0800
Processing by Clearance::SessionsController#destroy as HTML
  Parameters: {"authenticity_token"=>"[FILTERED]"}
  [1m[36mUser Load (0.8ms)[0m  [1m[34mSELECT  "users".* FROM "users" WHERE "users"."remember_token" = $1 ORDER BY "users"."id" ASC LIMIT $2[0m  [["remember_token", "2b63cf212babd407ef73ff92b918243097de1ac1"], ["LIMIT", 1]]
  ↳ /Users/Osamah/.rbenv/versions/2.5.0/lib/ruby/gems/2.5.0/gems/activerecord-5.2.0/lib/active_record/log_subscriber.rb:98
  [1m[35m (0.2ms)[0m  [1m[35mBEGIN[0m
  ↳ /Users/Osamah/.rbenv/versions/2.5.0/lib/ruby/gems/2.5.0/gems/activerecord-5.2.0/lib/active_record/log_subscriber.rb:98
  [1m[36mUser Update (1.6ms)[0m  [1m[33mUPDATE "users" SET "remember_token" = $1, "updated_at" = $2 WHERE "users"."id" = $3[0m  [["remember_token", "2659b12f5d409b1c0e009bbc303685afe447ca62"], ["updated_at", "2018-07-25 03:04:16.160970"], ["id", 1]]
  ↳ /Users/Osamah/.rbenv/versions/2.5.0/lib/ruby/gems/2.5.0/gems/activerecord-5.2.0/lib/active_record/log_subscriber.rb:98
  [1m[35m (0.7ms)[0m  [1m[35mCOMMIT[0m
  ↳ /Users/Osamah/.rbenv/versions/2.5.0/lib/ruby/gems/2.5.0/gems/activerecord-5.2.0/lib/active_record/log_subscriber.rb:98
Redirected to http://localhost:3000/sign_in
Completed 302 Found in 12ms (ActiveRecord: 3.3ms)


Started GET "/sign_in" for 127.0.0.1 at 2018-07-25 11:04:16 +0800
Processing by Clearance::SessionsController#new as HTML
  Rendering sessions/new.html.erb within layouts/application
  Rendered sessions/_form.html.erb (3.0ms)
  Rendered sessions/new.html.erb within layouts/application (6.6ms)
Completed 200 OK in 52ms (Views: 50.5ms | ActiveRecord: 0.0ms)


Started POST "/session" for 127.0.0.1 at 2018-07-25 11:04:22 +0800
Processing by SessionsController#create as HTML
  Parameters: {"utf8"=>"✓", "authenticity_token"=>"[FILTERED]", "session"=>{"email"=>"oaaos2@hotmail.com", "password"=>"[FILTERED]"}, "commit"=>"Sign in"}
  [1m[36mUser Load (0.5ms)[0m  [1m[34mSELECT  "users".* FROM "users" WHERE "users"."email" = $1 LIMIT $2[0m  [["email", "oaaos2@hotmail.com"], ["LIMIT", 1]]
  ↳ app/controllers/sessions_controller.rb:3
Redirected to http://localhost:3000/dashboard
Completed 302 Found in 91ms (ActiveRecord: 0.5ms)


Started GET "/dashboard" for 127.0.0.1 at 2018-07-25 11:04:22 +0800
Processing by DashboardController#index as HTML
  Rendering dashboard/index.erb within layouts/application
  Rendered dashboard/index.erb within layouts/application (0.5ms)
  [1m[36mUser Load (2.4ms)[0m  [1m[34mSELECT  "users".* FROM "users" WHERE "users"."remember_token" = $1 ORDER BY "users"."id" ASC LIMIT $2[0m  [["remember_token", "8c8ae9bfcd0873dbb08616e321bd29759267e00b"], ["LIMIT", 1]]
  ↳ app/views/layouts/application.html.erb:25
Completed 200 OK in 47ms (Views: 41.8ms | ActiveRecord: 2.4ms)


Started GET "/users/2" for 127.0.0.1 at 2018-07-25 11:04:25 +0800
Processing by UsersController#show as HTML
  Parameters: {"id"=>"2"}
  [1m[36mUser Load (0.4ms)[0m  [1m[34mSELECT  "users".* FROM "users" WHERE "users"."id" = $1 LIMIT $2[0m  [["id", 2], ["LIMIT", 1]]
  ↳ app/controllers/users_controller.rb:17
  Rendering users/show.erb within layouts/application
  Rendered users/show.erb within layouts/application (0.6ms)
  [1m[36mUser Load (0.6ms)[0m  [1m[34mSELECT  "users".* FROM "users" WHERE "users"."remember_token" = $1 ORDER BY "users"."id" ASC LIMIT $2[0m  [["remember_token", "8c8ae9bfcd0873dbb08616e321bd29759267e00b"], ["LIMIT", 1]]
  ↳ app/views/layouts/application.html.erb:25
Completed 200 OK in 73ms (Views: 67.2ms | ActiveRecord: 1.0ms)


Started GET "/users/2" for 127.0.0.1 at 2018-07-25 11:07:27 +0800
Processing by UsersController#show as HTML
  Parameters: {"id"=>"2"}
  [1m[36mUser Load (0.4ms)[0m  [1m[34mSELECT  "users".* FROM "users" WHERE "users"."id" = $1 LIMIT $2[0m  [["id", 2], ["LIMIT", 1]]
  ↳ app/controllers/users_controller.rb:17
  Rendering users/show.erb within layouts/application
  Rendered users/show.erb within layouts/application (0.4ms)
  [1m[36mUser Load (0.6ms)[0m  [1m[34mSELECT  "users".* FROM "users" WHERE "users"."remember_token" = $1 ORDER BY "users"."id" ASC LIMIT $2[0m  [["remember_token", "8c8ae9bfcd0873dbb08616e321bd29759267e00b"], ["LIMIT", 1]]
  ↳ app/views/layouts/application.html.erb:25
Completed 200 OK in 39ms (Views: 34.4ms | ActiveRecord: 1.0ms)


Started GET "/users/2" for 127.0.0.1 at 2018-07-25 11:08:02 +0800
Processing by UsersController#show as HTML
  Parameters: {"id"=>"2"}
  [1m[36mUser Load (0.3ms)[0m  [1m[34mSELECT  "users".* FROM "users" WHERE "users"."id" = $1 LIMIT $2[0m  [["id", 2], ["LIMIT", 1]]
  ↳ app/controllers/users_controller.rb:17
  Rendering users/show.erb within layouts/application
  Rendered users/show.erb within layouts/application (0.5ms)
  [1m[36mUser Load (0.6ms)[0m  [1m[34mSELECT  "users".* FROM "users" WHERE "users"."remember_token" = $1 ORDER BY "users"."id" ASC LIMIT $2[0m  [["remember_token", "8c8ae9bfcd0873dbb08616e321bd29759267e00b"], ["LIMIT", 1]]
  ↳ app/views/layouts/application.html.erb:25
Completed 200 OK in 38ms (Views: 33.6ms | ActiveRecord: 0.8ms)


Started GET "/users/2" for 127.0.0.1 at 2018-07-25 11:12:10 +0800
Processing by UsersController#show as HTML
  Parameters: {"id"=>"2"}
  [1m[36mUser Load (0.3ms)[0m  [1m[34mSELECT  "users".* FROM "users" WHERE "users"."id" = $1 LIMIT $2[0m  [["id", 2], ["LIMIT", 1]]
  ↳ app/controllers/users_controller.rb:17
  Rendering users/show.erb within layouts/application
  Rendered users/show.erb within layouts/application (0.9ms)
  [1m[36mUser Load (0.5ms)[0m  [1m[34mSELECT  "users".* FROM "users" WHERE "users"."remember_token" = $1 ORDER BY "users"."id" ASC LIMIT $2[0m  [["remember_token", "8c8ae9bfcd0873dbb08616e321bd29759267e00b"], ["LIMIT", 1]]
  ↳ app/views/layouts/application.html.erb:25
Completed 200 OK in 38ms (Views: 34.0ms | ActiveRecord: 0.8ms)


Started DELETE "/sign_out" for 127.0.0.1 at 2018-07-25 11:12:15 +0800
Processing by Clearance::SessionsController#destroy as HTML
  Parameters: {"authenticity_token"=>"[FILTERED]"}
  [1m[36mUser Load (0.7ms)[0m  [1m[34mSELECT  "users".* FROM "users" WHERE "users"."remember_token" = $1 ORDER BY "users"."id" ASC LIMIT $2[0m  [["remember_token", "8c8ae9bfcd0873dbb08616e321bd29759267e00b"], ["LIMIT", 1]]
  ↳ /Users/Osamah/.rbenv/versions/2.5.0/lib/ruby/gems/2.5.0/gems/activerecord-5.2.0/lib/active_record/log_subscriber.rb:98
  [1m[35m (0.2ms)[0m  [1m[35mBEGIN[0m
  ↳ /Users/Osamah/.rbenv/versions/2.5.0/lib/ruby/gems/2.5.0/gems/activerecord-5.2.0/lib/active_record/log_subscriber.rb:98
  [1m[36mUser Update (0.5ms)[0m  [1m[33mUPDATE "users" SET "remember_token" = $1, "updated_at" = $2 WHERE "users"."id" = $3[0m  [["remember_token", "10fd45d16e1dc8fb0663ca28783d2cdda6183e3c"], ["updated_at", "2018-07-25 03:12:15.225195"], ["id", 2]]
  ↳ /Users/Osamah/.rbenv/versions/2.5.0/lib/ruby/gems/2.5.0/gems/activerecord-5.2.0/lib/active_record/log_subscriber.rb:98
  [1m[35m (0.5ms)[0m  [1m[35mCOMMIT[0m
  ↳ /Users/Osamah/.rbenv/versions/2.5.0/lib/ruby/gems/2.5.0/gems/activerecord-5.2.0/lib/active_record/log_subscriber.rb:98
Redirected to http://localhost:3000/sign_in
Completed 302 Found in 8ms (ActiveRecord: 2.0ms)


Started GET "/sign_in" for 127.0.0.1 at 2018-07-25 11:12:15 +0800
Processing by Clearance::SessionsController#new as HTML
  Rendering sessions/new.html.erb within layouts/application
  Rendered sessions/_form.html.erb (1.4ms)
  Rendered sessions/new.html.erb within layouts/application (3.7ms)
Completed 200 OK in 34ms (Views: 33.4ms | ActiveRecord: 0.0ms)


Started POST "/session" for 127.0.0.1 at 2018-07-25 11:12:19 +0800
Processing by SessionsController#create as HTML
  Parameters: {"utf8"=>"✓", "authenticity_token"=>"[FILTERED]", "session"=>{"email"=>"oaaos@hotmail.com", "password"=>"[FILTERED]"}, "commit"=>"Sign in"}
  [1m[36mUser Load (0.6ms)[0m  [1m[34mSELECT  "users".* FROM "users" WHERE "users"."email" = $1 LIMIT $2[0m  [["email", "oaaos@hotmail.com"], ["LIMIT", 1]]
  ↳ app/controllers/sessions_controller.rb:3
Redirected to http://localhost:3000/dashboard
Completed 302 Found in 90ms (ActiveRecord: 0.6ms)


Started GET "/dashboard" for 127.0.0.1 at 2018-07-25 11:12:20 +0800
Processing by DashboardController#index as HTML
  Rendering dashboard/index.erb within layouts/application
  Rendered dashboard/index.erb within layouts/application (0.4ms)
  [1m[36mUser Load (0.7ms)[0m  [1m[34mSELECT  "users".* FROM "users" WHERE "users"."remember_token" = $1 ORDER BY "users"."id" ASC LIMIT $2[0m  [["remember_token", "2659b12f5d409b1c0e009bbc303685afe447ca62"], ["LIMIT", 1]]
  ↳ app/views/layouts/application.html.erb:25
Completed 200 OK in 35ms (Views: 31.8ms | ActiveRecord: 0.7ms)


Started GET "/users/1" for 127.0.0.1 at 2018-07-25 11:12:22 +0800
Processing by UsersController#show as HTML
  Parameters: {"id"=>"1"}
  [1m[36mUser Load (0.7ms)[0m  [1m[34mSELECT  "users".* FROM "users" WHERE "users"."id" = $1 LIMIT $2[0m  [["id", 1], ["LIMIT", 1]]
  ↳ app/controllers/users_controller.rb:17
  Rendering users/show.erb within layouts/application
  Rendered users/show.erb within layouts/application (1.0ms)
  [1m[36mUser Load (0.7ms)[0m  [1m[34mSELECT  "users".* FROM "users" WHERE "users"."remember_token" = $1 ORDER BY "users"."id" ASC LIMIT $2[0m  [["remember_token", "2659b12f5d409b1c0e009bbc303685afe447ca62"], ["LIMIT", 1]]
  ↳ app/views/layouts/application.html.erb:25
Completed 200 OK in 66ms (Views: 55.6ms | ActiveRecord: 1.3ms)


